mode: set
github.com/gozzafadillah/23_Unit_Testing/praktikum/problem_2/lib/database/book.go:10.40,14.2 3 1
github.com/gozzafadillah/23_Unit_Testing/praktikum/problem_2/lib/database/book.go:16.45,20.2 3 1
github.com/gozzafadillah/23_Unit_Testing/praktikum/problem_2/lib/database/book.go:22.41,25.2 2 1
github.com/gozzafadillah/23_Unit_Testing/praktikum/problem_2/lib/database/book.go:27.49,31.2 2 1
github.com/gozzafadillah/23_Unit_Testing/praktikum/problem_2/lib/database/book.go:33.31,36.33 3 1
github.com/gozzafadillah/23_Unit_Testing/praktikum/problem_2/lib/database/book.go:40.2,40.24 1 1
github.com/gozzafadillah/23_Unit_Testing/praktikum/problem_2/lib/database/book.go:36.33,38.3 1 0
github.com/gozzafadillah/23_Unit_Testing/praktikum/problem_2/lib/database/user.go:10.40,14.2 3 1
github.com/gozzafadillah/23_Unit_Testing/praktikum/problem_2/lib/database/user.go:16.45,20.2 3 1
github.com/gozzafadillah/23_Unit_Testing/praktikum/problem_2/lib/database/user.go:22.41,25.2 2 1
github.com/gozzafadillah/23_Unit_Testing/praktikum/problem_2/lib/database/user.go:27.64,30.33 2 1
github.com/gozzafadillah/23_Unit_Testing/praktikum/problem_2/lib/database/user.go:33.2,33.30 1 1
github.com/gozzafadillah/23_Unit_Testing/praktikum/problem_2/lib/database/user.go:30.33,32.3 1 0
github.com/gozzafadillah/23_Unit_Testing/praktikum/problem_2/lib/database/user.go:36.31,38.33 2 1
github.com/gozzafadillah/23_Unit_Testing/praktikum/problem_2/lib/database/user.go:41.2,41.24 1 1
github.com/gozzafadillah/23_Unit_Testing/praktikum/problem_2/lib/database/user.go:38.33,40.3 1 0
github.com/gozzafadillah/23_Unit_Testing/praktikum/problem_2/lib/database/user.go:44.40,48.2 2 1
github.com/gozzafadillah/23_Unit_Testing/praktikum/problem_2/controller/book_controller.go:13.47,16.16 2 1
github.com/gozzafadillah/23_Unit_Testing/praktikum/problem_2/controller/book_controller.go:25.2,28.4 1 1
github.com/gozzafadillah/23_Unit_Testing/praktikum/problem_2/controller/book_controller.go:16.16,20.3 1 0
github.com/gozzafadillah/23_Unit_Testing/praktikum/problem_2/controller/book_controller.go:20.8,20.28 1 1
github.com/gozzafadillah/23_Unit_Testing/praktikum/problem_2/controller/book_controller.go:20.28,24.3 1 0
github.com/gozzafadillah/23_Unit_Testing/praktikum/problem_2/controller/book_controller.go:31.46,35.16 3 1
github.com/gozzafadillah/23_Unit_Testing/praktikum/problem_2/controller/book_controller.go:44.2,47.4 1 1
github.com/gozzafadillah/23_Unit_Testing/praktikum/problem_2/controller/book_controller.go:35.16,39.3 1 0
github.com/gozzafadillah/23_Unit_Testing/praktikum/problem_2/controller/book_controller.go:39.8,39.27 1 1
github.com/gozzafadillah/23_Unit_Testing/praktikum/problem_2/controller/book_controller.go:39.27,43.3 1 0
github.com/gozzafadillah/23_Unit_Testing/praktikum/problem_2/controller/book_controller.go:50.45,52.2 1 1
github.com/gozzafadillah/23_Unit_Testing/praktikum/problem_2/controller/book_controller.go:54.49,59.16 4 1
github.com/gozzafadillah/23_Unit_Testing/praktikum/problem_2/controller/book_controller.go:65.2,68.4 1 1
github.com/gozzafadillah/23_Unit_Testing/praktikum/problem_2/controller/book_controller.go:59.16,63.3 1 0
github.com/gozzafadillah/23_Unit_Testing/praktikum/problem_2/controller/book_controller.go:71.37,73.2 1 1
github.com/gozzafadillah/23_Unit_Testing/praktikum/problem_2/controller/book_controller.go:75.49,79.16 3 1
github.com/gozzafadillah/23_Unit_Testing/praktikum/problem_2/controller/book_controller.go:82.2,84.4 1 1
github.com/gozzafadillah/23_Unit_Testing/praktikum/problem_2/controller/book_controller.go:79.16,81.3 1 0
github.com/gozzafadillah/23_Unit_Testing/praktikum/problem_2/controller/book_controller.go:87.55,89.2 1 1
github.com/gozzafadillah/23_Unit_Testing/praktikum/problem_2/controller/book_controller.go:91.49,99.16 5 1
github.com/gozzafadillah/23_Unit_Testing/praktikum/problem_2/controller/book_controller.go:105.2,108.4 1 1
github.com/gozzafadillah/23_Unit_Testing/praktikum/problem_2/controller/book_controller.go:99.16,103.3 1 0
github.com/gozzafadillah/23_Unit_Testing/praktikum/problem_2/controller/user_controller.go:14.47,17.16 2 1
github.com/gozzafadillah/23_Unit_Testing/praktikum/problem_2/controller/user_controller.go:17.16,21.3 1 0
github.com/gozzafadillah/23_Unit_Testing/praktikum/problem_2/controller/user_controller.go:21.8,21.28 1 1
github.com/gozzafadillah/23_Unit_Testing/praktikum/problem_2/controller/user_controller.go:21.28,25.3 1 0
github.com/gozzafadillah/23_Unit_Testing/praktikum/problem_2/controller/user_controller.go:25.8,30.3 1 1
github.com/gozzafadillah/23_Unit_Testing/praktikum/problem_2/controller/user_controller.go:34.46,38.16 3 1
github.com/gozzafadillah/23_Unit_Testing/praktikum/problem_2/controller/user_controller.go:38.16,42.3 1 0
github.com/gozzafadillah/23_Unit_Testing/praktikum/problem_2/controller/user_controller.go:42.8,42.27 1 1
github.com/gozzafadillah/23_Unit_Testing/praktikum/problem_2/controller/user_controller.go:42.27,46.3 1 0
github.com/gozzafadillah/23_Unit_Testing/praktikum/problem_2/controller/user_controller.go:46.8,51.3 1 1
github.com/gozzafadillah/23_Unit_Testing/praktikum/problem_2/controller/user_controller.go:55.45,57.2 1 1
github.com/gozzafadillah/23_Unit_Testing/praktikum/problem_2/controller/user_controller.go:59.49,64.39 3 1
github.com/gozzafadillah/23_Unit_Testing/praktikum/problem_2/controller/user_controller.go:71.2,74.4 1 1
github.com/gozzafadillah/23_Unit_Testing/praktikum/problem_2/controller/user_controller.go:64.39,69.3 1 0
github.com/gozzafadillah/23_Unit_Testing/praktikum/problem_2/controller/user_controller.go:77.37,79.2 1 1
github.com/gozzafadillah/23_Unit_Testing/praktikum/problem_2/controller/user_controller.go:81.49,85.16 3 1
github.com/gozzafadillah/23_Unit_Testing/praktikum/problem_2/controller/user_controller.go:90.2,92.4 1 1
github.com/gozzafadillah/23_Unit_Testing/praktikum/problem_2/controller/user_controller.go:85.16,89.3 1 0
github.com/gozzafadillah/23_Unit_Testing/praktikum/problem_2/controller/user_controller.go:95.49,101.16 5 1
github.com/gozzafadillah/23_Unit_Testing/praktikum/problem_2/controller/user_controller.go:107.2,110.4 1 1
github.com/gozzafadillah/23_Unit_Testing/praktikum/problem_2/controller/user_controller.go:101.16,105.3 1 0
github.com/gozzafadillah/23_Unit_Testing/praktikum/problem_2/controller/user_controller.go:113.48,119.16 4 1
github.com/gozzafadillah/23_Unit_Testing/praktikum/problem_2/controller/user_controller.go:126.2,127.16 2 1
github.com/gozzafadillah/23_Unit_Testing/praktikum/problem_2/controller/user_controller.go:134.2,139.4 2 1
github.com/gozzafadillah/23_Unit_Testing/praktikum/problem_2/controller/user_controller.go:119.16,124.3 1 0
github.com/gozzafadillah/23_Unit_Testing/praktikum/problem_2/controller/user_controller.go:127.16,132.3 1 0
