mode: set
github.com/gozzafadillah/23_Unit_Testing/praktikum/problem_2/lib/database/book.go:10.40,14.2 3 1
github.com/gozzafadillah/23_Unit_Testing/praktikum/problem_2/lib/database/book.go:16.45,20.2 3 1
github.com/gozzafadillah/23_Unit_Testing/praktikum/problem_2/lib/database/book.go:22.41,25.2 2 1
github.com/gozzafadillah/23_Unit_Testing/praktikum/problem_2/lib/database/book.go:27.49,29.33 2 1
github.com/gozzafadillah/23_Unit_Testing/praktikum/problem_2/lib/database/book.go:32.2,32.24 1 1
github.com/gozzafadillah/23_Unit_Testing/praktikum/problem_2/lib/database/book.go:29.33,31.3 1 1
github.com/gozzafadillah/23_Unit_Testing/praktikum/problem_2/lib/database/book.go:35.31,38.33 3 1
github.com/gozzafadillah/23_Unit_Testing/praktikum/problem_2/lib/database/book.go:42.2,42.24 1 1
github.com/gozzafadillah/23_Unit_Testing/praktikum/problem_2/lib/database/book.go:38.33,40.3 1 1
github.com/gozzafadillah/23_Unit_Testing/praktikum/problem_2/lib/database/user.go:11.40,15.2 3 1
github.com/gozzafadillah/23_Unit_Testing/praktikum/problem_2/lib/database/user.go:17.45,21.2 3 1
github.com/gozzafadillah/23_Unit_Testing/praktikum/problem_2/lib/database/user.go:23.41,26.2 2 1
github.com/gozzafadillah/23_Unit_Testing/praktikum/problem_2/lib/database/user.go:28.64,31.33 2 1
github.com/gozzafadillah/23_Unit_Testing/praktikum/problem_2/lib/database/user.go:34.2,34.30 1 1
github.com/gozzafadillah/23_Unit_Testing/praktikum/problem_2/lib/database/user.go:31.33,33.3 1 1
github.com/gozzafadillah/23_Unit_Testing/praktikum/problem_2/lib/database/user.go:37.31,39.33 2 1
github.com/gozzafadillah/23_Unit_Testing/praktikum/problem_2/lib/database/user.go:42.2,42.24 1 1
github.com/gozzafadillah/23_Unit_Testing/praktikum/problem_2/lib/database/user.go:39.33,41.3 1 1
github.com/gozzafadillah/23_Unit_Testing/praktikum/problem_2/lib/database/user.go:45.40,52.15 5 1
github.com/gozzafadillah/23_Unit_Testing/praktikum/problem_2/lib/database/user.go:56.2,56.24 1 1
github.com/gozzafadillah/23_Unit_Testing/praktikum/problem_2/lib/database/user.go:52.15,54.3 1 1
github.com/gozzafadillah/23_Unit_Testing/praktikum/problem_2/controller/book_controller.go:13.47,16.16 2 1
github.com/gozzafadillah/23_Unit_Testing/praktikum/problem_2/controller/book_controller.go:25.2,28.4 1 1
github.com/gozzafadillah/23_Unit_Testing/praktikum/problem_2/controller/book_controller.go:16.16,20.3 1 0
github.com/gozzafadillah/23_Unit_Testing/praktikum/problem_2/controller/book_controller.go:20.8,20.28 1 1
github.com/gozzafadillah/23_Unit_Testing/praktikum/problem_2/controller/book_controller.go:20.28,24.3 1 1
github.com/gozzafadillah/23_Unit_Testing/praktikum/problem_2/controller/book_controller.go:31.46,35.16 3 1
github.com/gozzafadillah/23_Unit_Testing/praktikum/problem_2/controller/book_controller.go:44.2,47.4 1 1
github.com/gozzafadillah/23_Unit_Testing/praktikum/problem_2/controller/book_controller.go:35.16,39.3 1 0
github.com/gozzafadillah/23_Unit_Testing/praktikum/problem_2/controller/book_controller.go:39.8,39.27 1 1
github.com/gozzafadillah/23_Unit_Testing/praktikum/problem_2/controller/book_controller.go:39.27,43.3 1 1
github.com/gozzafadillah/23_Unit_Testing/praktikum/problem_2/controller/book_controller.go:50.45,52.2 1 1
github.com/gozzafadillah/23_Unit_Testing/praktikum/problem_2/controller/book_controller.go:54.49,59.16 4 1
github.com/gozzafadillah/23_Unit_Testing/praktikum/problem_2/controller/book_controller.go:65.2,68.4 1 1
github.com/gozzafadillah/23_Unit_Testing/praktikum/problem_2/controller/book_controller.go:59.16,63.3 1 0
github.com/gozzafadillah/23_Unit_Testing/praktikum/problem_2/controller/book_controller.go:71.37,73.2 1 1
github.com/gozzafadillah/23_Unit_Testing/praktikum/problem_2/controller/book_controller.go:75.49,79.16 3 1
github.com/gozzafadillah/23_Unit_Testing/praktikum/problem_2/controller/book_controller.go:84.2,86.4 1 1
github.com/gozzafadillah/23_Unit_Testing/praktikum/problem_2/controller/book_controller.go:79.16,83.3 1 1
github.com/gozzafadillah/23_Unit_Testing/praktikum/problem_2/controller/book_controller.go:89.55,91.2 1 1
github.com/gozzafadillah/23_Unit_Testing/praktikum/problem_2/controller/book_controller.go:93.49,101.16 5 1
github.com/gozzafadillah/23_Unit_Testing/praktikum/problem_2/controller/book_controller.go:107.2,110.4 1 1
github.com/gozzafadillah/23_Unit_Testing/praktikum/problem_2/controller/book_controller.go:101.16,105.3 1 1
github.com/gozzafadillah/23_Unit_Testing/praktikum/problem_2/controller/user_controller.go:15.47,18.16 2 1
github.com/gozzafadillah/23_Unit_Testing/praktikum/problem_2/controller/user_controller.go:18.16,22.3 1 0
github.com/gozzafadillah/23_Unit_Testing/praktikum/problem_2/controller/user_controller.go:22.8,22.28 1 1
github.com/gozzafadillah/23_Unit_Testing/praktikum/problem_2/controller/user_controller.go:22.28,26.3 1 1
github.com/gozzafadillah/23_Unit_Testing/praktikum/problem_2/controller/user_controller.go:26.8,31.3 1 1
github.com/gozzafadillah/23_Unit_Testing/praktikum/problem_2/controller/user_controller.go:35.46,39.16 3 1
github.com/gozzafadillah/23_Unit_Testing/praktikum/problem_2/controller/user_controller.go:39.16,43.3 1 0
github.com/gozzafadillah/23_Unit_Testing/praktikum/problem_2/controller/user_controller.go:43.8,43.27 1 1
github.com/gozzafadillah/23_Unit_Testing/praktikum/problem_2/controller/user_controller.go:43.27,47.3 1 1
github.com/gozzafadillah/23_Unit_Testing/praktikum/problem_2/controller/user_controller.go:47.8,52.3 1 1
github.com/gozzafadillah/23_Unit_Testing/praktikum/problem_2/controller/user_controller.go:56.45,58.2 1 1
github.com/gozzafadillah/23_Unit_Testing/praktikum/problem_2/controller/user_controller.go:60.49,65.39 3 1
github.com/gozzafadillah/23_Unit_Testing/praktikum/problem_2/controller/user_controller.go:72.2,75.4 1 1
github.com/gozzafadillah/23_Unit_Testing/praktikum/problem_2/controller/user_controller.go:65.39,70.3 1 0
github.com/gozzafadillah/23_Unit_Testing/praktikum/problem_2/controller/user_controller.go:78.37,80.2 1 1
github.com/gozzafadillah/23_Unit_Testing/praktikum/problem_2/controller/user_controller.go:82.49,86.16 3 1
github.com/gozzafadillah/23_Unit_Testing/praktikum/problem_2/controller/user_controller.go:91.2,93.4 1 1
github.com/gozzafadillah/23_Unit_Testing/praktikum/problem_2/controller/user_controller.go:86.16,90.3 1 1
github.com/gozzafadillah/23_Unit_Testing/praktikum/problem_2/controller/user_controller.go:96.49,102.16 5 1
github.com/gozzafadillah/23_Unit_Testing/praktikum/problem_2/controller/user_controller.go:108.2,111.4 1 1
github.com/gozzafadillah/23_Unit_Testing/praktikum/problem_2/controller/user_controller.go:102.16,106.3 1 1
github.com/gozzafadillah/23_Unit_Testing/praktikum/problem_2/controller/user_controller.go:114.48,120.16 5 1
github.com/gozzafadillah/23_Unit_Testing/praktikum/problem_2/controller/user_controller.go:127.2,128.16 2 1
github.com/gozzafadillah/23_Unit_Testing/praktikum/problem_2/controller/user_controller.go:135.2,144.4 2 1
github.com/gozzafadillah/23_Unit_Testing/praktikum/problem_2/controller/user_controller.go:120.16,125.3 1 1
github.com/gozzafadillah/23_Unit_Testing/praktikum/problem_2/controller/user_controller.go:128.16,133.3 1 0
